2023.07.27 13:53:47 INFO  Started: Metals version 1.0.0 in folders '/nfs/home/zhengchuyu/workspace/tmp/CoupledL2' for client Visual Studio Code 1.80.1.
Jul 27, 2023 1:53:47 PM org.flywaydb.core.internal.license.VersionPrinter printVersionOnly
INFO: Flyway Community Edition 9.20.1 by Redgate
Jul 27, 2023 1:53:47 PM org.flywaydb.core.internal.license.VersionPrinter printVersion
INFO: See release notes here: https://rd.gt/416ObMi
Jul 27, 2023 1:53:47 PM org.flywaydb.core.internal.license.VersionPrinter printVersion
INFO: 
Jul 27, 2023 1:53:48 PM org.flywaydb.core.internal.database.base.BaseDatabaseType createDatabase
INFO: Database: jdbc:h2:file:/nfs/home/zhengchuyu/workspace/tmp/CoupledL2/.metals/metals (H2 2.1)
Jul 27, 2023 1:53:48 PM org.flywaydb.core.internal.schemahistory.JdbcTableSchemaHistory allAppliedMigrations
INFO: Schema history table "PUBLIC"."flyway_schema_history" does not exist yet
Jul 27, 2023 1:53:48 PM org.flywaydb.core.internal.command.DbValidate validate
INFO: Successfully validated 4 migrations (execution time 00:00.013s)
Jul 27, 2023 1:53:48 PM org.flywaydb.core.internal.schemahistory.JdbcTableSchemaHistory create
INFO: Creating Schema History table "PUBLIC"."flyway_schema_history" ...
Jul 27, 2023 1:53:48 PM org.flywaydb.core.internal.command.DbMigrate migrateGroup
INFO: Current version of schema "PUBLIC": << Empty Schema >>
Jul 27, 2023 1:53:48 PM org.flywaydb.core.internal.command.DbMigrate doMigrateGroup
INFO: Migrating schema "PUBLIC" to version "1 - Create tables"
Jul 27, 2023 1:53:48 PM org.flywaydb.core.internal.command.DbMigrate doMigrateGroup
INFO: Migrating schema "PUBLIC" to version "2 - Server discovery"
Jul 27, 2023 1:53:48 PM org.flywaydb.core.internal.command.DbMigrate doMigrateGroup
INFO: Migrating schema "PUBLIC" to version "3 - Jar symbols"
Jul 27, 2023 1:53:48 PM org.flywaydb.core.internal.command.DbMigrate doMigrateGroup
INFO: Migrating schema "PUBLIC" to version "4 - Fingerprints"
Jul 27, 2023 1:53:48 PM org.flywaydb.core.internal.command.DbMigrate logSummary
INFO: Successfully applied 4 migrations to schema "PUBLIC", now at version v4 (execution time 00:00.020s)
2023.07.27 13:53:48 INFO  time: initialize in 0.53s
2023.07.27 13:53:50 WARN  Build server is not auto-connectable.
DanglingParentheses: top-level presets deprecated; use 'preset' subsection
2023.07.27 13:53:53 WARN  no build target for: /nfs/home/zhengchuyu/workspace/tmp/CoupledL2/src/test/scala/TestTop.scala
2023.07.27 13:53:56 INFO  no build target found for /nfs/home/zhengchuyu/workspace/tmp/CoupledL2/src/test/scala/TestTop.scala. Using presentation compiler with project's scala-library version: 3.3.0
2023.07.27 13:53:58 INFO  time: code lens generation in 3.95s
2023.07.27 13:54:00 WARN  no build target for: /nfs/home/zhengchuyu/workspace/tmp/CoupledL2/src/test/scala/TestTop.scala
Jul 27, 2023 1:55:01 PM org.eclipse.lsp4j.jsonrpc.RemoteEndpoint handleCancellation
WARNING: Unmatched cancel notification for request id 116
2023.07.27 13:55:02 WARN  no build target for: /nfs/home/zhengchuyu/workspace/tmp/CoupledL2/src/test/scala/TestTop.scala
2023.07.27 13:55:07 WARN  no build target for: /nfs/home/zhengchuyu/workspace/tmp/CoupledL2/src/test/scala/TestTop.scala
2023.07.27 13:57:47 WARN  no build target for: /nfs/home/zhengchuyu/workspace/tmp/CoupledL2/src/main/scala/coupledL3/Directory.scala
2023.07.27 13:58:03 WARN  no build target for: /nfs/home/zhengchuyu/workspace/tmp/CoupledL2/src/main/scala/coupledL3/DataStorage.scala
2023.07.27 13:58:58 WARN  no build target for: /nfs/home/zhengchuyu/workspace/tmp/CoupledL2/build.sc
2023.07.27 13:59:05 WARN  no build target for: /nfs/home/zhengchuyu/workspace/tmp/CoupledL2/build.sc
2023.07.27 13:59:12 WARN  no build target for: /nfs/home/zhengchuyu/workspace/tmp/CoupledL2/build.sc
2023.07.27 14:05:27 WARN  no build target for: /nfs/home/zhengchuyu/workspace/tmp/CoupledL2/src/test/scala/TestTop.scala
2023.07.27 14:05:37 WARN  no build target for: /nfs/home/zhengchuyu/workspace/tmp/CoupledL2/src/test/scala/TestTop.scala
2023.07.27 14:05:44 WARN  no build target for: /nfs/home/zhengchuyu/workspace/tmp/CoupledL2/src/test/scala/TestTop.scala
2023.07.27 14:05:52 WARN  no build target for: /nfs/home/zhengchuyu/workspace/tmp/CoupledL2/src/test/scala/TestTop.scala
2023.07.27 14:05:53 WARN  no build target for: /nfs/home/zhengchuyu/workspace/tmp/CoupledL2/src/test/scala/TestTop.scala
2023.07.27 14:06:28 WARN  no build target for: /nfs/home/zhengchuyu/workspace/tmp/CoupledL2/src/test/scala/TestTop.scala
2023.07.27 14:06:29 WARN  no build target for: /nfs/home/zhengchuyu/workspace/tmp/CoupledL2/src/test/scala/TestTop.scala
2023.07.27 14:08:33 WARN  Using indexes to guess the definition of l1i
2023.07.27 14:08:33 WARN  Using indexes to guess the definition of CoupledL2
2023.07.27 14:08:38 WARN  no build target for: /nfs/home/zhengchuyu/workspace/tmp/CoupledL2/src/test/scala/TestTop.scala
2023.07.27 14:09:20 WARN  no build target for: /nfs/home/zhengchuyu/workspace/tmp/CoupledL2/src/main/scala/coupledL3/L3Param.scala
2023.07.27 14:09:25 WARN  no build target for: /nfs/home/zhengchuyu/workspace/tmp/CoupledL2/src/main/scala/coupledL3/L3Param.scala
2023.07.27 14:09:25 WARN  no build target for: /nfs/home/zhengchuyu/workspace/tmp/CoupledL2/src/main/scala/coupledL3/L3Param.scala
2023.07.27 14:09:31 WARN  no build target for: /nfs/home/zhengchuyu/workspace/tmp/CoupledL2/src/main/scala/coupledL2/L2Param.scala
2023.07.27 14:09:34 WARN  no build target for: /nfs/home/zhengchuyu/workspace/tmp/CoupledL2/src/main/scala/coupledL3/L3Param.scala
2023.07.27 14:09:53 WARN  no build target for: /nfs/home/zhengchuyu/workspace/tmp/CoupledL2/src/main/scala/coupledL3/L3Param.scala
2023.07.27 14:09:57 WARN  Using indexes to guess the definition of L2ClientParam
2023.07.27 14:09:58 WARN  no build target for: /nfs/home/zhengchuyu/workspace/tmp/CoupledL2/src/main/scala/coupledL3/L3Param.scala
Jul 27, 2023 2:09:58 PM org.eclipse.lsp4j.jsonrpc.RemoteEndpoint handleCancellation
WARNING: Unmatched cancel notification for request id 435
2023.07.27 14:10:04 WARN  Using indexes to guess the definition of L2ClientParam
2023.07.27 14:10:04 WARN  Using indexes to guess the definition of L2ClientParam
2023.07.27 14:10:04 WARN  Using indexes to guess the definition of DirtyField
2023.07.27 14:10:04 WARN  no build target for: /nfs/home/zhengchuyu/workspace/tmp/CoupledL2/src/test/scala/TestTop.scala
2023.07.27 14:16:52 WARN  no build target for: /nfs/home/zhengchuyu/workspace/tmp/CoupledL2/HuanCun/src/test/scala/huancun/TestTop.scala
2023.07.27 14:16:53 WARN  no build target for: /nfs/home/zhengchuyu/workspace/tmp/CoupledL2/HuanCun/src/main/scala/huancun/debug/TLLogger.scala
2023.07.27 14:17:00 WARN  no build target for: /nfs/home/zhengchuyu/workspace/tmp/CoupledL2/utility/src/main/scala/utility/TLUtils/TLLogger.scala
2023.07.27 14:17:03 WARN  no build target for: /nfs/home/zhengchuyu/workspace/tmp/CoupledL2/src/main/scala/coupledL2/debug/Monitor.scala
2023.07.27 14:17:06 WARN  no build target for: /nfs/home/zhengchuyu/workspace/tmp/CoupledL2/src/main/scala/coupledL2/L2Param.scala
Jul 27, 2023 2:17:15 PM org.eclipse.lsp4j.jsonrpc.services.GenericEndpoint notify
INFO: Unsupported notification method: $/setTrace
2023.07.27 14:17:16 WARN  no build target for: /nfs/home/zhengchuyu/workspace/tmp/CoupledL2/HuanCun/src/main/scala/huancun/debug/TLLogger.scala
2023.07.27 14:17:22 WARN  no build target for: /nfs/home/zhengchuyu/workspace/tmp/CoupledL2/HuanCun/src/main/scala/huancun/debug/TLLogger.scala
2023.07.27 14:17:23 WARN  no build target for: /nfs/home/zhengchuyu/workspace/tmp/CoupledL2/HuanCun/src/test/scala/huancun/TestTop.scala
2023.07.27 14:17:39 WARN  no build target for: /nfs/home/zhengchuyu/workspace/tmp/CoupledL2/utility/src/main/scala/utility/ChiselDB.scala
2023.07.27 14:17:44 WARN  no build target for: /nfs/home/zhengchuyu/workspace/tmp/CoupledL2/utility/src/main/scala/utility/TLUtils/TLLogger.scala
2023.07.27 14:17:44 WARN  no build target for: /nfs/home/zhengchuyu/workspace/tmp/CoupledL2/utility/src/main/scala/utility/ChiselDB.scala
2023.07.27 14:17:47 WARN  no build target for: /nfs/home/zhengchuyu/workspace/tmp/CoupledL2/HuanCun/src/main/scala/huancun/debug/TLLogger.scala
2023.07.27 14:17:55 WARN  no build target for: /nfs/home/zhengchuyu/workspace/tmp/CoupledL2/src/main/scala/coupledL2/debug/Monitor.scala
2023.07.27 14:18:05 WARN  no build target for: /nfs/home/zhengchuyu/workspace/tmp/CoupledL2/src/main/scala/coupledL2/debug/Monitor.scala
2023.07.27 14:41:14 WARN  no build target for: /nfs/home/zhengchuyu/workspace/tmp/CoupledL2/src/main/scala/coupledL2/CoupledL2.scala
2023.07.27 14:41:36 WARN  no build target for: /nfs/home/zhengchuyu/workspace/tmp/CoupledL2/src/main/scala/coupledL2/CoupledL2.scala
2023.07.27 14:48:23 WARN  no build target for: /nfs/home/zhengchuyu/workspace/tmp/CoupledL2/src/main/scala/coupledL3/GrantBufferFIFO.scala
2023.07.27 14:49:54 WARN  no build target for: /nfs/home/zhengchuyu/workspace/tmp/CoupledL2/src/main/scala/coupledL3/GrantBuffer.scala
2023.07.27 15:02:40 WARN  Using indexes to guess the definition of sourceIdAll
2023.07.27 15:02:42 WARN  Using indexes to guess the definition of sourceIdAll
2023.07.27 15:03:22 WARN  Using indexes to guess the definition of atom
2023.07.27 15:03:55 WARN  Using indexes to guess the definition of idsAll
2023.07.27 15:03:55 WARN  Using indexes to guess the definition of idsAll
2023.07.27 15:03:58 WARN  no build target for: /nfs/home/zhengchuyu/workspace/tmp/CoupledL2/src/main/scala/coupledL2/CoupledL2.scala
Jul 27, 2023 3:04:04 PM org.eclipse.lsp4j.jsonrpc.RemoteEndpoint handleCancellation
WARNING: Unmatched cancel notification for request id 1048
2023.07.27 15:04:07 WARN  no build target for: /nfs/home/zhengchuyu/workspace/tmp/CoupledL2/src/main/scala/coupledL2/CoupledL2.scala
2023.07.27 15:18:42 WARN  no build target for: /nfs/home/zhengchuyu/workspace/tmp/CoupledL2/src/main/scala/coupledL2/SourceC.scala
2023.07.27 15:18:50 WARN  no build target for: /nfs/home/zhengchuyu/workspace/tmp/CoupledL2/src/main/scala/coupledL2/MSHR.scala
2023.07.27 15:19:17 WARN  no build target for: /nfs/home/zhengchuyu/workspace/tmp/CoupledL2/src/main/scala/coupledL2/MSHR.scala
2023.07.27 15:22:21 WARN  Using indexes to guess the definition of releaseData
2023.07.27 15:22:21 WARN  no build target for: /nfs/home/zhengchuyu/workspace/tmp/CoupledL2/src/main/scala/coupledL3/L3Param.scala
2023.07.27 15:22:21 WARN  Using indexes to guess the definition of releaseData
2023.07.27 15:22:21 WARN  no build target for: /nfs/home/zhengchuyu/workspace/tmp/CoupledL2/src/main/scala/coupledL3/L3Param.scala
2023.07.27 15:22:29 WARN  no build target for: /nfs/home/zhengchuyu/workspace/tmp/CoupledL2/src/main/scala/coupledL2/MainPipe.scala
2023.07.27 15:22:53 WARN  no build target for: /nfs/home/zhengchuyu/workspace/tmp/CoupledL2/src/main/scala/coupledL2/MainPipe.scala
2023.07.27 15:23:03 WARN  no build target for: /nfs/home/zhengchuyu/workspace/tmp/CoupledL2/src/main/scala/coupledL2/MainPipe.scala
2023.07.27 15:26:33 WARN  Using indexes to guess the definition of respKey
2023.07.27 15:26:33 WARN  no build target for: /nfs/home/zhengchuyu/workspace/tmp/CoupledL2/src/main/scala/coupledL3/L3Param.scala
2023.07.27 15:26:39 WARN  Using indexes to guess the definition of req_s3
2023.07.27 15:26:40 WARN  Using indexes to guess the definition of req_s3
2023.07.27 15:26:42 WARN  no build target for: /nfs/home/zhengchuyu/workspace/tmp/CoupledL2/src/main/scala/coupledL2/MainPipe.scala
2023.07.27 15:26:42 WARN  Using indexes to guess the definition of req_s3
2023.07.27 15:26:45 WARN  no build target for: /nfs/home/zhengchuyu/workspace/tmp/CoupledL2/src/main/scala/coupledL2/MainPipe.scala
Jul 27, 2023 3:26:51 PM org.eclipse.lsp4j.jsonrpc.RemoteEndpoint handleCancellation
WARNING: Unmatched cancel notification for request id 1364
2023.07.27 15:27:21 WARN  no build target for: /nfs/home/zhengchuyu/workspace/tmp/CoupledL2/src/main/scala/coupledL2/MainPipe.scala
2023.07.27 15:27:28 WARN  Using indexes to guess the definition of sink_resp_s3_a_promoteT
2023.07.27 15:28:20 WARN  no build target for: /nfs/home/zhengchuyu/workspace/tmp/CoupledL2/src/main/scala/coupledL2/MainPipe.scala
2023.07.27 15:28:21 WARN  no build target for: /nfs/home/zhengchuyu/workspace/tmp/CoupledL2/src/main/scala/coupledL2/MainPipe.scala
2023.07.27 15:32:49 WARN  Using indexes to guess the definition of need_data_b
2023.07.27 15:32:49 WARN  Using indexes to guess the definition of need_data_b
2023.07.27 15:33:02 WARN  Using indexes to guess the definition of need_data_on_hit_a
2023.07.27 15:33:02 WARN  Using indexes to guess the definition of meta_s3
2023.07.27 15:33:27 WARN  no build target for: /nfs/home/zhengchuyu/workspace/tmp/CoupledL2/src/main/scala/coupledL3/MainPipe.scala
2023.07.27 15:33:28 WARN  no build target for: /nfs/home/zhengchuyu/workspace/tmp/CoupledL2/src/main/scala/coupledL3/MSHR.scala
2023.07.27 15:33:38 WARN  Using indexes to guess the definition of meta
2023.07.27 15:34:37 WARN  no build target for: /nfs/home/zhengchuyu/workspace/tmp/CoupledL2/src/main/scala/coupledL3/MSHR.scala
2023.07.27 15:34:38 WARN  no build target for: /nfs/home/zhengchuyu/workspace/tmp/CoupledL2/src/main/scala/coupledL3/MSHR.scala
2023.07.27 15:37:00 WARN  no build target for: /nfs/home/zhengchuyu/workspace/tmp/CoupledL2/src/main/scala/coupledL2/MainPipe.scala
2023.07.27 16:05:35 WARN  no build target for: /nfs/home/zhengchuyu/workspace/tmp/CoupledL2/src/main/scala/coupledL3/CoupledL3.scala
2023.07.27 16:08:15 WARN  no build target for: /nfs/home/zhengchuyu/workspace/tmp/CoupledL2/src/main/scala/coupledL2/Slice.scala
2023.07.27 16:10:16 WARN  Using indexes to guess the definition of aliasBitsOpt
2023.07.27 16:11:13 WARN  no build target for: /nfs/home/zhengchuyu/workspace/tmp/CoupledL2/src/main/scala/coupledL3/CoupledL3.scala
Exception in thread "pool-5-thread-1" java.lang.InterruptedException
	at scala.meta.internal.metals.FutureCancelToken.checkCanceled(FutureCancelToken.scala:29)
	at scala.meta.internal.pc.CompilerAccess.onCompilerJobQueue$$anonfun$1(CompilerAccess.scala:229)
	at scala.meta.internal.pc.CompilerJobQueue$Job.run(CompilerJobQueue.scala:152)
	at java.base/java.util.concurrent.ThreadPoolExecutor.runWorker(ThreadPoolExecutor.java:1128)
	at java.base/java.util.concurrent.ThreadPoolExecutor$Worker.run(ThreadPoolExecutor.java:628)
	at java.base/java.lang.Thread.run(Thread.java:829)
2023.07.27 16:12:23 WARN  no build target for: /nfs/home/zhengchuyu/workspace/tmp/CoupledL2/src/main/scala/coupledL3/CoupledL3.scala
2023.07.27 16:12:50 WARN  no build target for: /nfs/home/zhengchuyu/workspace/tmp/CoupledL2/src/main/scala/coupledL2/CoupledL2.scala
Exception in thread "pool-5-thread-2" java.lang.InterruptedException
	at scala.meta.internal.metals.FutureCancelToken.checkCanceled(FutureCancelToken.scala:29)
	at scala.meta.internal.pc.CompilerAccess.onCompilerJobQueue$$anonfun$1(CompilerAccess.scala:229)
	at scala.meta.internal.pc.CompilerJobQueue$Job.run(CompilerJobQueue.scala:152)
	at java.base/java.util.concurrent.ThreadPoolExecutor.runWorker(ThreadPoolExecutor.java:1128)
	at java.base/java.util.concurrent.ThreadPoolExecutor$Worker.run(ThreadPoolExecutor.java:628)
	at java.base/java.lang.Thread.run(Thread.java:829)
Exception in thread "pool-5-thread-3" java.lang.InterruptedException
	at scala.meta.internal.metals.FutureCancelToken.checkCanceled(FutureCancelToken.scala:29)
	at scala.meta.internal.pc.CompilerAccess.onCompilerJobQueue$$anonfun$1(CompilerAccess.scala:229)
	at scala.meta.internal.pc.CompilerJobQueue$Job.run(CompilerJobQueue.scala:152)
	at java.base/java.util.concurrent.ThreadPoolExecutor.runWorker(ThreadPoolExecutor.java:1128)
	at java.base/java.util.concurrent.ThreadPoolExecutor$Worker.run(ThreadPoolExecutor.java:628)
	at java.base/java.lang.Thread.run(Thread.java:829)
Exception in thread "pool-5-thread-4" java.lang.InterruptedException
	at scala.meta.internal.metals.FutureCancelToken.checkCanceled(FutureCancelToken.scala:29)
	at scala.meta.internal.pc.CompilerAccess.onCompilerJobQueue$$anonfun$1(CompilerAccess.scala:229)
	at scala.meta.internal.pc.CompilerJobQueue$Job.run(CompilerJobQueue.scala:152)
	at java.base/java.util.concurrent.ThreadPoolExecutor.runWorker(ThreadPoolExecutor.java:1128)
	at java.base/java.util.concurrent.ThreadPoolExecutor$Worker.run(ThreadPoolExecutor.java:628)
	at java.base/java.lang.Thread.run(Thread.java:829)
2023.07.27 16:13:07 WARN  no build target for: /nfs/home/zhengchuyu/workspace/tmp/CoupledL2/src/main/scala/coupledL2/CoupledL2.scala
2023.07.27 16:13:09 WARN  no build target for: /nfs/home/zhengchuyu/workspace/tmp/CoupledL2/src/main/scala/coupledL2/CoupledL2.scala
2023.07.27 16:13:11 WARN  no build target for: /nfs/home/zhengchuyu/workspace/tmp/CoupledL2/src/main/scala/coupledL2/CoupledL2.scala
2023.07.27 16:14:45 WARN  no build target for: /nfs/home/zhengchuyu/workspace/tmp/CoupledL2/src/main/scala/coupledL2/L2Param.scala
2023.07.27 16:16:57 WARN  Using indexes to guess the definition of atom
2023.07.27 16:17:02 WARN  no build target for: /nfs/home/zhengchuyu/workspace/tmp/CoupledL2/src/main/scala/coupledL2/CoupledL2.scala
2023.07.27 16:20:12 WARN  Using indexes to guess the definition of aliasBitsOpt
2023.07.27 16:21:56 WARN  Using indexes to guess the definition of DirtyField
2023.07.27 16:21:56 WARN  no build target for: /nfs/home/zhengchuyu/workspace/tmp/CoupledL2/src/main/scala/coupledL3/L3Param.scala
2023.07.27 16:22:05 WARN  Using indexes to guess the definition of TestTop_fullSys
2023.07.27 16:22:05 WARN  Using indexes to guess the definition of TestTop_fullSys
2023.07.27 17:09:35 WARN  Using indexes to guess the definition of tag
2023.07.27 17:09:35 WARN  no build target for: /nfs/home/zhengchuyu/workspace/tmp/CoupledL2/src/main/scala/coupledL2/debug/Monitor.scala
Jul 27, 2023 5:09:35 PM org.eclipse.lsp4j.jsonrpc.RemoteEndpoint handleCancellation
WARNING: Unmatched cancel notification for request id 2507
2023.07.27 17:09:39 WARN  Using indexes to guess the definition of mshr_probeack_s3
2023.07.27 17:09:39 WARN  Using indexes to guess the definition of d_s3
2023.07.27 17:09:40 WARN  Using indexes to guess the definition of need_mshr_s3
2023.07.27 17:09:40 WARN  Using indexes to guess the definition of need_mshr_s3
2023.07.27 17:09:42 WARN  Using indexes to guess the definition of need_mshr_s3_b
2023.07.27 17:09:50 WARN  Using indexes to guess the definition of req_s3
2023.07.27 17:12:50 WARN  no build target for: /nfs/home/zhengchuyu/workspace/tmp/CoupledL2/src/main/scala/coupledL2/MSHR.scala
2023.07.27 17:18:28 WARN  Using indexes to guess the definition of name
